<?xml version='1.0' encoding='UTF-8'?>
<testsuite hostname="Richards-MacBook-Air.local" name="ScalaBuzzSpec" tests="4" errors="0" failures="0" skipped="0" time="0.039" timestamp="2020-10-14T17:21:44">
                     <properties>
[...]
</properties>
                     <testcase classname="ScalaBuzzSpec" name="ScalaBuzz should return n, if not %3 or %5" time="0.038">
                                                 
                                               </testcase><testcase classname="ScalaBuzzSpec" name="ScalaBuzz should return Fizz for multiples of 3" time="0.0">
                                                 
                                               </testcase><testcase classname="ScalaBuzzSpec" name="ScalaBuzz should return Buzz for multiples of 5" time="0.0">
                                                 
                                               </testcase><testcase classname="ScalaBuzzSpec" name="ScalaBuzz should return FizzBuzz for multiples of 3 &amp; 5" time="0.001">
                                                 
                                               </testcase>
                     <system-out><![CDATA[]]></system-out>
                     <system-err><![CDATA[]]></system-err>
                   </testsuite>